<?xml version="1.0" encoding="UTF-8"?>
<testng-results ignored="0" total="4" passed="4" failed="0" skipped="0">
  <reporter-output>
  </reporter-output>
  <suite started-at="2022-02-21T18:11:22 IST" name="Default suite" finished-at="2022-02-21T18:12:07 IST" duration-ms="45018">
    <groups>
    </groups>
    <test started-at="2022-02-21T18:11:22 IST" name="Default test" finished-at="2022-02-21T18:12:07 IST" duration-ms="45018">
      <class name="Run.LoginCheck">
        <test-method is-config="true" signature="beforeMethod()[pri:0, instance:Run.LoginCheck@82de64a]" started-at="2022-02-21T18:11:22 IST" name="beforeMethod" finished-at="2022-02-21T18:11:22 IST" duration-ms="10" status="PASS">
          <reporter-output>
          </reporter-output>
        </test-method> <!-- beforeMethod -->
        <test-method signature="a(java.lang.String)[pri:0, instance:Run.LoginCheck@82de64a]" started-at="2022-02-21T18:11:23 IST" name="a" data-provider="tc01" finished-at="2022-02-21T18:11:36 IST" duration-ms="12674" status="PASS">
          <params>
            <param index="0">
              <value>
                <![CDATA[akhileshgopu1@gmail.com]]>
              </value>
            </param>
          </params>
          <reporter-output>
          </reporter-output>
        </test-method> <!-- a -->
        <test-method signature="b(java.lang.String)[pri:1, instance:Run.LoginCheck@82de64a]" started-at="2022-02-21T18:11:36 IST" name="b" data-provider="tc01" finished-at="2022-02-21T18:11:46 IST" duration-ms="10214" status="PASS">
          <params>
            <param index="0">
              <value>
                <![CDATA[akhileshgopu2@gmail.com]]>
              </value>
            </param>
          </params>
          <reporter-output>
          </reporter-output>
        </test-method> <!-- b -->
        <test-method signature="c(java.lang.String)[pri:2, instance:Run.LoginCheck@82de64a]" started-at="2022-02-21T18:11:46 IST" name="c" data-provider="tc01" finished-at="2022-02-21T18:11:57 IST" duration-ms="10208" status="PASS">
          <params>
            <param index="0">
              <value>
                <![CDATA[akhileshgopu3@gmail.com]]>
              </value>
            </param>
          </params>
          <reporter-output>
          </reporter-output>
        </test-method> <!-- c -->
        <test-method signature="d(java.lang.String)[pri:3, instance:Run.LoginCheck@82de64a]" started-at="2022-02-21T18:11:57 IST" name="d" data-provider="tc01" finished-at="2022-02-21T18:12:07 IST" duration-ms="10409" status="PASS">
          <params>
            <param index="0">
              <value>
                <![CDATA[akhileshgopu4@gmail.com]]>
              </value>
            </param>
          </params>
          <reporter-output>
          </reporter-output>
        </test-method> <!-- d -->
        <test-method is-config="true" signature="afterMethod()[pri:0, instance:Run.LoginCheck@82de64a]" started-at="2022-02-21T18:12:07 IST" name="afterMethod" finished-at="2022-02-21T18:12:07 IST" duration-ms="1" status="PASS">
          <reporter-output>
          </reporter-output>
        </test-method> <!-- afterMethod -->
      </class> <!-- Run.LoginCheck -->
    </test> <!-- Default test -->
  </suite> <!-- Default suite -->
</testng-results>
