<?xml version="1.0" encoding="UTF-8"?>
<!-- Generated by org.testng.reporters.JUnitXMLReporter -->
<testsuite ignored="0" hostname="DESKTOP-4KHV42C" failures="0" tests="4" name="Default test" time="45.018" errors="0" timestamp="2022-02-21T18:12:07 IST">
  <testcase classname="Run.LoginCheck" name="a" time="12.674"/>
  <testcase classname="Run.LoginCheck" name="b" time="10.214"/>
  <testcase classname="Run.LoginCheck" name="c" time="10.208"/>
  <testcase classname="Run.LoginCheck" name="d" time="10.409"/>
</testsuite> <!-- Default test -->
